<?xml version="1.0" encoding="UTF-8"?>
<!-- Generated by org.testng.reporters.JUnitReportReporter -->
<testsuite hostname="INBook_X1" failures="0" tests="1" name="com.Actitime.Testscripts.Assertion" time="28.299" errors="0" timestamp="2023-02-21T09:43:31 IST" skipped="0">
  <testcase classname="com.Actitime.Testscripts.Assertion" name="demoassertion" time="28.299"/>
  <system-out/>
</testsuite> <!-- com.Actitime.Testscripts.Assertion -->
