<?xml version="1.0" encoding="UTF-8"?>
<!-- Generated by org.testng.reporters.JUnitReportReporter -->
<testsuite hostname="INBook_X1" failures="0" tests="1" name="com.Actitime.Testscripts.DemoAssert" time="19.768" errors="0" timestamp="2023-02-21T11:09:32 IST" skipped="0">
  <testcase classname="com.Actitime.Testscripts.DemoAssert" name="demoassertion" time="19.768"/>
  <system-out/>
</testsuite> <!-- com.Actitime.Testscripts.DemoAssert -->
